1|2023/05/09 18:21:55 => Start of the debug
2|2023/05/09 18:21:55 => Reading parameter file input/Param_03D_100k.cfg
3|2023/05/09 18:21:55 => Parser:get_int:nvar=0
4|2023/05/09 18:21:55 => Parser:get_int:nobj=3
5|2023/05/09 18:21:55 => Parser:get_int:ncon=0
6|2023/05/09 18:21:55 => Benchmark: warning, fixed number of variables (7) in DTLZ1 test problem.
7|2023/05/09 18:21:55 => Benchmark:test function DTLZ1
8|2023/05/09 18:21:55 => Benchmark:variables: 7
9|2023/05/09 18:21:55 => Benchmark:objective functions: 3
10|2023/05/09 18:21:55 => Benchmark:constraints: 0
11|2023/05/09 18:21:55 => Benchmark:position parameters: 0
12|2023/05/09 18:21:55 => Benchmark:encoding: 1
13|2023/05/09 18:21:55 => Benchmark:lower bound (0.000000 0.000000 0.000000 0.000000 0.000000 0.000000 0.000000)
14|2023/05/09 18:21:55 => Benchmark:upper bound (1.000000 1.000000 1.000000 1.000000 1.000000 1.000000 1.000000)
15|2023/05/09 18:21:55 => Parser:get_char:output=./output
16|2023/05/09 18:21:55 => EMO_MPI is not defined
17|2023/05/09 18:21:55 => Parser:get_char:seed=./input/seed.dat
18|2023/05/09 18:21:55 => EMO_Rand:next seed=5
19|2023/05/09 18:21:55 => Parser:get_int:feval=100000
20|2023/05/09 18:21:55 => Parser:get_int:plot_freq=-1
21|2023/05/09 18:21:55 => Parser:get_char:plot_pftrue=
22|2023/05/09 18:21:55 => Parser:get_char:plot_term=x11
23|2023/05/09 18:21:55 => Parser:get_int:debug=1
24|2023/05/09 18:21:55 => Parser:get_int:psize=106
25|2023/05/09 18:21:55 => Parser:get_double:pc=0.900000
26|2023/05/09 18:21:55 => Parser:get_double:pm=-1.000000
27|2023/05/09 18:21:55 => Parser:get_double:nc=20.000000
28|2023/05/09 18:21:55 => Parser:get_double:nm=20.000000
29|2023/05/09 18:21:55 => pm updated 0.142857
30|2023/05/09 18:21:55 => Parser:get_char:wfile=./input/weight/weight_03D_13.sld
31|2023/05/09 18:21:55 => Parser:get_int:mombi2_record=5
32|2023/05/09 18:21:55 => Parser:get_double:mombi2_alpha=0.500000
33|2023/05/09 18:21:55 => Parser:get_double:mombi2_epsilon=0.001000
34|2023/05/09 18:21:55 => Parser:get_vector_double:mombi2_refpoint ()
35|2023/05/09 18:21:55 => Parser:get_char:mombi2_utility=achievement_scalarizing_function
36|2023/05/09 18:21:55 => Parser:get_int:utility_inverted=0
37|2023/05/09 18:21:55 => run MOMBI2
38|2023/05/09 18:21:57 => Program stopped: maximum number of objective function evaluations reached (100000)
39|2023/05/09 18:21:57 => Real execution time: 1s.317192
40|2023/05/09 18:21:57 => Objective function evaluations: 100064
41|2023/05/09 18:21:57 => Fitness value: 0.000000
42|2023/05/09 18:21:57 => Total execution time: 1s.317192
43|2023/05/09 18:21:57 => Number of objective function evaluations: 100064
44|2023/05/09 18:21:57 => Performance indicator of the Pareto front: 5.000000
45|2023/05/09 18:21:57 => EMO_Rand:next seed=13
46|2023/05/09 18:21:57 => run MOMBI2
47|2023/05/09 18:21:58 => Program stopped: maximum number of objective function evaluations reached (100000)
48|2023/05/09 18:21:58 => Real execution time: 1s.328109
49|2023/05/09 18:21:58 => Objective function evaluations: 100064
50|2023/05/09 18:21:58 => Fitness value: 0.000000
51|2023/05/09 18:21:58 => Total execution time: 1s.328109
52|2023/05/09 18:21:58 => Number of objective function evaluations: 100064
53|2023/05/09 18:21:58 => Performance indicator of the Pareto front: 5.000000
54|2023/05/09 18:21:58 => EMO_Rand:next seed=23
55|2023/05/09 18:21:58 => run MOMBI2
56|2023/05/09 18:21:59 => Program stopped: maximum number of objective function evaluations reached (100000)
57|2023/05/09 18:21:59 => Real execution time: 1s.312304
58|2023/05/09 18:21:59 => Objective function evaluations: 100064
59|2023/05/09 18:21:59 => Fitness value: 0.000000
60|2023/05/09 18:21:59 => Total execution time: 1s.312304
61|2023/05/09 18:21:59 => Number of objective function evaluations: 100064
62|2023/05/09 18:21:59 => Performance indicator of the Pareto front: 5.000000
63|2023/05/09 18:21:59 => EMO_Rand:next seed=37
64|2023/05/09 18:21:59 => run MOMBI2
65|2023/05/09 18:22:01 => Program stopped: maximum number of objective function evaluations reached (100000)
66|2023/05/09 18:22:01 => Real execution time: 1s.305159
67|2023/05/09 18:22:01 => Objective function evaluations: 100064
68|2023/05/09 18:22:01 => Fitness value: 0.000000
69|2023/05/09 18:22:01 => Total execution time: 1s.305159
70|2023/05/09 18:22:01 => Number of objective function evaluations: 100064
71|2023/05/09 18:22:01 => Performance indicator of the Pareto front: 5.000000
72|2023/05/09 18:22:01 => EMO_Rand:next seed=47
73|2023/05/09 18:22:01 => run MOMBI2
74|2023/05/09 18:22:02 => Program stopped: maximum number of objective function evaluations reached (100000)
75|2023/05/09 18:22:02 => Real execution time: 1s.273567
76|2023/05/09 18:22:02 => Objective function evaluations: 100064
77|2023/05/09 18:22:02 => Fitness value: 0.000000
78|2023/05/09 18:22:02 => Total execution time: 1s.273567
79|2023/05/09 18:22:02 => Number of objective function evaluations: 100064
80|2023/05/09 18:22:02 => Performance indicator of the Pareto front: 5.000000
81|2023/05/09 18:22:02 => EMO_Rand:next seed=61
82|2023/05/09 18:22:02 => run MOMBI2
83|2023/05/09 18:22:03 => Program stopped: maximum number of objective function evaluations reached (100000)
84|2023/05/09 18:22:03 => Real execution time: 1s.277964
85|2023/05/09 18:22:03 => Objective function evaluations: 100064
86|2023/05/09 18:22:03 => Fitness value: 0.000000
87|2023/05/09 18:22:03 => Total execution time: 1s.277964
88|2023/05/09 18:22:03 => Number of objective function evaluations: 100064
89|2023/05/09 18:22:03 => Performance indicator of the Pareto front: 5.000000
90|2023/05/09 18:22:03 => EMO_Rand:next seed=73
91|2023/05/09 18:22:03 => run MOMBI2
92|2023/05/09 18:22:05 => Program stopped: maximum number of objective function evaluations reached (100000)
93|2023/05/09 18:22:05 => Real execution time: 1s.258747
94|2023/05/09 18:22:05 => Objective function evaluations: 100064
95|2023/05/09 18:22:05 => Fitness value: 0.000000
96|2023/05/09 18:22:05 => Total execution time: 1s.258747
97|2023/05/09 18:22:05 => Number of objective function evaluations: 100064
98|2023/05/09 18:22:05 => Performance indicator of the Pareto front: 5.000000
99|2023/05/09 18:22:05 => EMO_Rand:next seed=89
100|2023/05/09 18:22:05 => run MOMBI2
101|2023/05/09 18:22:06 => Program stopped: maximum number of objective function evaluations reached (100000)
102|2023/05/09 18:22:06 => Real execution time: 1s.246058
103|2023/05/09 18:22:06 => Objective function evaluations: 100064
104|2023/05/09 18:22:06 => Fitness value: 0.000000
105|2023/05/09 18:22:06 => Total execution time: 1s.246058
106|2023/05/09 18:22:06 => Number of objective function evaluations: 100064
107|2023/05/09 18:22:06 => Performance indicator of the Pareto front: 5.000000
108|2023/05/09 18:22:06 => EMO_Rand:next seed=103
109|2023/05/09 18:22:06 => run MOMBI2
110|2023/05/09 18:22:07 => Program stopped: maximum number of objective function evaluations reached (100000)
111|2023/05/09 18:22:07 => Real execution time: 1s.182115
112|2023/05/09 18:22:07 => Objective function evaluations: 100064
113|2023/05/09 18:22:07 => Fitness value: 0.000000
114|2023/05/09 18:22:07 => Total execution time: 1s.182115
115|2023/05/09 18:22:07 => Number of objective function evaluations: 100064
116|2023/05/09 18:22:07 => Performance indicator of the Pareto front: 5.000000
117|2023/05/09 18:22:07 => EMO_Rand:next seed=113
118|2023/05/09 18:22:07 => run MOMBI2
119|2023/05/09 18:22:08 => Program stopped: maximum number of objective function evaluations reached (100000)
120|2023/05/09 18:22:08 => Real execution time: 1s.221166
121|2023/05/09 18:22:08 => Objective function evaluations: 100064
122|2023/05/09 18:22:08 => Fitness value: 0.000000
123|2023/05/09 18:22:08 => Total execution time: 1s.221166
124|2023/05/09 18:22:08 => Number of objective function evaluations: 100064
125|2023/05/09 18:22:08 => Performance indicator of the Pareto front: 5.000000
126|2023/05/09 18:22:08 => EMO_Rand:next seed=137
127|2023/05/09 18:22:08 => run MOMBI2
128|2023/05/09 18:22:09 => Program stopped: maximum number of objective function evaluations reached (100000)
129|2023/05/09 18:22:09 => Real execution time: 1s.171852
130|2023/05/09 18:22:09 => Objective function evaluations: 100064
131|2023/05/09 18:22:09 => Fitness value: 0.000000
132|2023/05/09 18:22:09 => Total execution time: 1s.171852
133|2023/05/09 18:22:09 => Number of objective function evaluations: 100064
134|2023/05/09 18:22:09 => Performance indicator of the Pareto front: 5.000000
135|2023/05/09 18:22:09 => EMO_Rand:next seed=151
136|2023/05/09 18:22:09 => run MOMBI2
137|2023/05/09 18:22:11 => Program stopped: maximum number of objective function evaluations reached (100000)
138|2023/05/09 18:22:11 => Real execution time: 1s.230965
139|2023/05/09 18:22:11 => Objective function evaluations: 100064
140|2023/05/09 18:22:11 => Fitness value: 0.000000
141|2023/05/09 18:22:11 => Total execution time: 1s.230965
142|2023/05/09 18:22:11 => Number of objective function evaluations: 100064
143|2023/05/09 18:22:11 => Performance indicator of the Pareto front: 5.000000
144|2023/05/09 18:22:11 => EMO_Rand:next seed=167
145|2023/05/09 18:22:11 => run MOMBI2
146|2023/05/09 18:22:12 => Program stopped: maximum number of objective function evaluations reached (100000)
147|2023/05/09 18:22:12 => Real execution time: 1s.257464
148|2023/05/09 18:22:12 => Objective function evaluations: 100064
149|2023/05/09 18:22:12 => Fitness value: 0.000000
150|2023/05/09 18:22:12 => Total execution time: 1s.257464
151|2023/05/09 18:22:12 => Number of objective function evaluations: 100064
152|2023/05/09 18:22:12 => Performance indicator of the Pareto front: 5.000000
153|2023/05/09 18:22:12 => EMO_Rand:next seed=181
154|2023/05/09 18:22:12 => run MOMBI2
155|2023/05/09 18:22:13 => Program stopped: maximum number of objective function evaluations reached (100000)
156|2023/05/09 18:22:13 => Real execution time: 1s.213506
157|2023/05/09 18:22:13 => Objective function evaluations: 100064
158|2023/05/09 18:22:13 => Fitness value: 0.000000
159|2023/05/09 18:22:13 => Total execution time: 1s.213506
160|2023/05/09 18:22:13 => Number of objective function evaluations: 100064
161|2023/05/09 18:22:13 => Performance indicator of the Pareto front: 5.000000
162|2023/05/09 18:22:13 => EMO_Rand:next seed=197
163|2023/05/09 18:22:13 => run MOMBI2
164|2023/05/09 18:22:14 => Program stopped: maximum number of objective function evaluations reached (100000)
165|2023/05/09 18:22:14 => Real execution time: 1s.242371
166|2023/05/09 18:22:14 => Objective function evaluations: 100064
167|2023/05/09 18:22:14 => Fitness value: 0.000000
168|2023/05/09 18:22:14 => Total execution time: 1s.242371
169|2023/05/09 18:22:14 => Number of objective function evaluations: 100064
170|2023/05/09 18:22:14 => Performance indicator of the Pareto front: 5.000000
171|2023/05/09 18:22:14 => EMO_Rand:next seed=223
172|2023/05/09 18:22:14 => run MOMBI2
173|2023/05/09 18:22:16 => Program stopped: maximum number of objective function evaluations reached (100000)
174|2023/05/09 18:22:16 => Real execution time: 1s.275909
175|2023/05/09 18:22:16 => Objective function evaluations: 100064
176|2023/05/09 18:22:16 => Fitness value: 0.000000
177|2023/05/09 18:22:16 => Total execution time: 1s.275909
178|2023/05/09 18:22:16 => Number of objective function evaluations: 100064
179|2023/05/09 18:22:16 => Performance indicator of the Pareto front: 5.000000
180|2023/05/09 18:22:16 => EMO_Rand:next seed=233
181|2023/05/09 18:22:16 => run MOMBI2
182|2023/05/09 18:22:17 => Program stopped: maximum number of objective function evaluations reached (100000)
183|2023/05/09 18:22:17 => Real execution time: 1s.232365
184|2023/05/09 18:22:17 => Objective function evaluations: 100064
185|2023/05/09 18:22:17 => Fitness value: 0.000000
186|2023/05/09 18:22:17 => Total execution time: 1s.232365
187|2023/05/09 18:22:17 => Number of objective function evaluations: 100064
188|2023/05/09 18:22:17 => Performance indicator of the Pareto front: 5.000000
189|2023/05/09 18:22:17 => EMO_Rand:next seed=251
190|2023/05/09 18:22:17 => run MOMBI2
191|2023/05/09 18:22:18 => Program stopped: maximum number of objective function evaluations reached (100000)
192|2023/05/09 18:22:18 => Real execution time: 1s.180887
193|2023/05/09 18:22:18 => Objective function evaluations: 100064
194|2023/05/09 18:22:18 => Fitness value: 0.000000
195|2023/05/09 18:22:18 => Total execution time: 1s.180887
196|2023/05/09 18:22:18 => Number of objective function evaluations: 100064
197|2023/05/09 18:22:18 => Performance indicator of the Pareto front: 5.000000
198|2023/05/09 18:22:18 => EMO_Rand:next seed=269
199|2023/05/09 18:22:18 => run MOMBI2
200|2023/05/09 18:22:19 => Program stopped: maximum number of objective function evaluations reached (100000)
201|2023/05/09 18:22:19 => Real execution time: 1s.188807
202|2023/05/09 18:22:19 => Objective function evaluations: 100064
203|2023/05/09 18:22:19 => Fitness value: 0.000000
204|2023/05/09 18:22:19 => Total execution time: 1s.188807
205|2023/05/09 18:22:19 => Number of objective function evaluations: 100064
206|2023/05/09 18:22:19 => Performance indicator of the Pareto front: 5.000000
207|2023/05/09 18:22:19 => EMO_Rand:next seed=281
208|2023/05/09 18:22:19 => run MOMBI2
209|2023/05/09 18:22:20 => Program stopped: maximum number of objective function evaluations reached (100000)
210|2023/05/09 18:22:20 => Real execution time: 1s.205636
211|2023/05/09 18:22:20 => Objective function evaluations: 100064
212|2023/05/09 18:22:20 => Fitness value: 0.000000
213|2023/05/09 18:22:20 => Total execution time: 1s.205636
214|2023/05/09 18:22:20 => Number of objective function evaluations: 100064
215|2023/05/09 18:22:20 => Performance indicator of the Pareto front: 5.000000
216|2023/05/09 18:22:20 => EMO_Rand:next seed=307
217|2023/05/09 18:22:20 => run MOMBI2
218|2023/05/09 18:22:22 => Program stopped: maximum number of objective function evaluations reached (100000)
219|2023/05/09 18:22:22 => Real execution time: 1s.166631
220|2023/05/09 18:22:22 => Objective function evaluations: 100064
221|2023/05/09 18:22:22 => Fitness value: 0.000000
222|2023/05/09 18:22:22 => Total execution time: 1s.166631
223|2023/05/09 18:22:22 => Number of objective function evaluations: 100064
224|2023/05/09 18:22:22 => Performance indicator of the Pareto front: 5.000000
225|2023/05/09 18:22:22 => EMO_Rand:next seed=317
226|2023/05/09 18:22:22 => run MOMBI2
227|2023/05/09 18:22:23 => Program stopped: maximum number of objective function evaluations reached (100000)
228|2023/05/09 18:22:23 => Real execution time: 1s.154848
229|2023/05/09 18:22:23 => Objective function evaluations: 100064
230|2023/05/09 18:22:23 => Fitness value: 0.000000
231|2023/05/09 18:22:23 => Total execution time: 1s.154848
232|2023/05/09 18:22:23 => Number of objective function evaluations: 100064
233|2023/05/09 18:22:23 => Performance indicator of the Pareto front: 5.000000
234|2023/05/09 18:22:23 => EMO_Rand:next seed=347
235|2023/05/09 18:22:23 => run MOMBI2
236|2023/05/09 18:22:24 => Program stopped: maximum number of objective function evaluations reached (100000)
237|2023/05/09 18:22:24 => Real execution time: 1s.189166
238|2023/05/09 18:22:24 => Objective function evaluations: 100064
239|2023/05/09 18:22:24 => Fitness value: 0.000000
240|2023/05/09 18:22:24 => Total execution time: 1s.189166
241|2023/05/09 18:22:24 => Number of objective function evaluations: 100064
242|2023/05/09 18:22:24 => Performance indicator of the Pareto front: 5.000000
243|2023/05/09 18:22:24 => EMO_Rand:next seed=359
244|2023/05/09 18:22:24 => run MOMBI2
245|2023/05/09 18:22:25 => Program stopped: maximum number of objective function evaluations reached (100000)
246|2023/05/09 18:22:25 => Real execution time: 1s.196364
247|2023/05/09 18:22:25 => Objective function evaluations: 100064
248|2023/05/09 18:22:25 => Fitness value: 0.000000
249|2023/05/09 18:22:25 => Total execution time: 1s.196364
250|2023/05/09 18:22:25 => Number of objective function evaluations: 100064
251|2023/05/09 18:22:25 => Performance indicator of the Pareto front: 5.000000
252|2023/05/09 18:22:25 => EMO_Rand:next seed=379
253|2023/05/09 18:22:25 => run MOMBI2
254|2023/05/09 18:22:26 => Program stopped: maximum number of objective function evaluations reached (100000)
255|2023/05/09 18:22:26 => Real execution time: 1s.177928
256|2023/05/09 18:22:26 => Objective function evaluations: 100064
257|2023/05/09 18:22:26 => Fitness value: 0.000000
258|2023/05/09 18:22:26 => Total execution time: 1s.177928
259|2023/05/09 18:22:26 => Number of objective function evaluations: 100064
260|2023/05/09 18:22:26 => Performance indicator of the Pareto front: 5.000000
261|2023/05/09 18:22:26 => EMO_Rand:next seed=397
262|2023/05/09 18:22:26 => run MOMBI2
263|2023/05/09 18:22:27 => Program stopped: maximum number of objective function evaluations reached (100000)
264|2023/05/09 18:22:27 => Real execution time: 1s.140420
265|2023/05/09 18:22:27 => Objective function evaluations: 100064
266|2023/05/09 18:22:27 => Fitness value: 0.000000
267|2023/05/09 18:22:27 => Total execution time: 1s.140420
268|2023/05/09 18:22:27 => Number of objective function evaluations: 100064
269|2023/05/09 18:22:27 => Performance indicator of the Pareto front: 5.000000
270|2023/05/09 18:22:27 => EMO_Rand:next seed=419
271|2023/05/09 18:22:27 => run MOMBI2
272|2023/05/09 18:22:29 => Program stopped: maximum number of objective function evaluations reached (100000)
273|2023/05/09 18:22:29 => Real execution time: 1s.177963
274|2023/05/09 18:22:29 => Objective function evaluations: 100064
275|2023/05/09 18:22:29 => Fitness value: 0.000000
276|2023/05/09 18:22:29 => Total execution time: 1s.177963
277|2023/05/09 18:22:29 => Number of objective function evaluations: 100064
278|2023/05/09 18:22:29 => Performance indicator of the Pareto front: 5.000000
279|2023/05/09 18:22:29 => EMO_Rand:next seed=433
280|2023/05/09 18:22:29 => run MOMBI2
281|2023/05/09 18:22:30 => Program stopped: maximum number of objective function evaluations reached (100000)
282|2023/05/09 18:22:30 => Real execution time: 1s.189684
283|2023/05/09 18:22:30 => Objective function evaluations: 100064
284|2023/05/09 18:22:30 => Fitness value: 0.000000
285|2023/05/09 18:22:30 => Total execution time: 1s.189684
286|2023/05/09 18:22:30 => Number of objective function evaluations: 100064
287|2023/05/09 18:22:30 => Performance indicator of the Pareto front: 5.000000
288|2023/05/09 18:22:30 => EMO_Rand:next seed=449
289|2023/05/09 18:22:30 => run MOMBI2
290|2023/05/09 18:22:31 => Program stopped: maximum number of objective function evaluations reached (100000)
291|2023/05/09 18:22:31 => Real execution time: 1s.195320
292|2023/05/09 18:22:31 => Objective function evaluations: 100064
293|2023/05/09 18:22:31 => Fitness value: 0.000000
294|2023/05/09 18:22:31 => Total execution time: 1s.195320
295|2023/05/09 18:22:31 => Number of objective function evaluations: 100064
296|2023/05/09 18:22:31 => Performance indicator of the Pareto front: 5.000000
297|2023/05/09 18:22:31 => EMO_Rand:next seed=463
298|2023/05/09 18:22:31 => run MOMBI2
299|2023/05/09 18:22:32 => Program stopped: maximum number of objective function evaluations reached (100000)
300|2023/05/09 18:22:32 => Real execution time: 1s.224573
301|2023/05/09 18:22:32 => Objective function evaluations: 100064
302|2023/05/09 18:22:32 => Fitness value: 0.000000
303|2023/05/09 18:22:32 => Total execution time: 1s.224573
304|2023/05/09 18:22:32 => Number of objective function evaluations: 100064
305|2023/05/09 18:22:32 => Performance indicator of the Pareto front: 5.000000
306|2023/05/09 18:22:32 => EMO_Rand:next seed=487
307|2023/05/09 18:22:32 => End of the debug
